-Xlint:ignore
-1.8
-encoding
UTF-8
-showWeaveInfo
-source
1.8
-target
1.8
-classpath
C:\Users\Administrator\.m2\repository\org\apache\commons\commons-lang3\3.1\commons-lang3-3.1.jar;C:\Users\Administrator\.m2\repository\org\projectreactor\spring\reactor-spring-context\1.1.3.RELEASE\reactor-spring-context-1.1.3.RELEASE.jar;C:\Users\Administrator\.m2\repository\org\aspectj\aspectjtools\1.8.4\aspectjtools-1.8.4.jar;C:\Users\Administrator\.m2\repository\mysql\mysql-connector-java\5.1.18\mysql-connector-java-5.1.18.jar;C:\Users\Administrator\.m2\repository\com\zaxxer\HikariCP\2.1.0\HikariCP-2.1.0.jar;C:\Users\Administrator\.m2\repository\net\sf\dozer\dozer\5.5.1\dozer-5.5.1.jar;C:\Users\Administrator\.m2\repository\org\springframework\boot\spring-boot-starter-web\1.2.0.RELEASE\spring-boot-starter-web-1.2.0.RELEASE.jar;C:\Users\Administrator\.m2\repository\org\springframework\boot\spring-boot-starter-data-jpa\1.2.0.RELEASE\spring-boot-starter-data-jpa-1.2.0.RELEASE.jar;C:\Users\Administrator\.m2\repository\org\springframework\boot\spring-boot-starter-test\1.2.0.RELEASE\spring-boot-starter-test-1.2.0.RELEASE.jar;C:\Users\Administrator\.m2\repository\com\jayway\jsonpath\json-path\0.9.1\json-path-0.9.1.jar;C:\Users\Administrator\.m2\repository\net\minidev\json-smart\1.2\json-smart-1.2.jar;C:\Users\Administrator\.m2\repository\org\projectreactor\spring\reactor-spring-core\1.1.3.RELEASE\reactor-spring-core-1.1.3.RELEASE.jar;C:\Users\Administrator\.m2\repository\org\projectreactor\reactor-core\1.1.5.RELEASE\reactor-core-1.1.5.RELEASE.jar;C:\Users\Administrator\.m2\repository\com\goldmansachs\gs-collections\5.1.0\gs-collections-5.1.0.jar;C:\Users\Administrator\.m2\repository\com\goldmansachs\gs-collections-api\5.1.0\gs-collections-api-5.1.0.jar;C:\Users\Administrator\.m2\repository\com\lmax\disruptor\3.2.1\disruptor-3.2.1.jar;C:\Users\Administrator\.m2\repository\io\gatling\jsr166e\1.0\jsr166e-1.0.jar;C:\Users\Administrator\.m2\repository\org\springframework\spring-beans\4.1.3.RELEASE\spring-beans-4.1.3.RELEASE.jar;C:\Users\Administrator\.m2\repository\org\springframework\spring-context\4.1.3.RELEASE\spring-context-4.1.3.RELEASE.jar;C:\Users\Administrator\.m2\repository\org\springframework\spring-expression\4.1.3.RELEASE\spring-expression-4.1.3.RELEASE.jar;C:\Users\Administrator\.m2\repository\org\slf4j\slf4j-api\1.7.7\slf4j-api-1.7.7.jar;C:\Users\Administrator\.m2\repository\org\springframework\spring-context-support\4.1.3.RELEASE\spring-context-support-4.1.3.RELEASE.jar;C:\Users\Administrator\.m2\repository\org\javassist\javassist\3.18.1-GA\javassist-3.18.1-GA.jar;C:\Users\Administrator\.m2\repository\commons-beanutils\commons-beanutils\1.9.2\commons-beanutils-1.9.2.jar;C:\Users\Administrator\.m2\repository\commons-collections\commons-collections\3.2.1\commons-collections-3.2.1.jar;C:\Users\Administrator\.m2\repository\org\slf4j\jcl-over-slf4j\1.7.7\jcl-over-slf4j-1.7.7.jar;C:\Users\Administrator\.m2\repository\org\springframework\boot\spring-boot-starter\1.2.0.RELEASE\spring-boot-starter-1.2.0.RELEASE.jar;C:\Users\Administrator\.m2\repository\org\springframework\boot\spring-boot\1.2.0.RELEASE\spring-boot-1.2.0.RELEASE.jar;C:\Users\Administrator\.m2\repository\org\springframework\boot\spring-boot-autoconfigure\1.2.0.RELEASE\spring-boot-autoconfigure-1.2.0.RELEASE.jar;C:\Users\Administrator\.m2\repository\org\springframework\boot\spring-boot-starter-logging\1.2.0.RELEASE\spring-boot-starter-logging-1.2.0.RELEASE.jar;C:\Users\Administrator\.m2\repository\org\slf4j\jul-to-slf4j\1.7.7\jul-to-slf4j-1.7.7.jar;C:\Users\Administrator\.m2\repository\org\slf4j\log4j-over-slf4j\1.7.7\log4j-over-slf4j-1.7.7.jar;C:\Users\Administrator\.m2\repository\ch\qos\logback\logback-classic\1.1.2\logback-classic-1.1.2.jar;C:\Users\Administrator\.m2\repository\ch\qos\logback\logback-core\1.1.2\logback-core-1.1.2.jar;C:\Users\Administrator\.m2\repository\org\springframework\boot\spring-boot-starter-tomcat\1.2.0.RELEASE\spring-boot-starter-tomcat-1.2.0.RELEASE.jar;C:\Users\Administrator\.m2\repository\org\apache\tomcat\embed\tomcat-embed-core\8.0.15\tomcat-embed-core-8.0.15.jar;C:\Users\Administrator\.m2\repository\org\apache\tomcat\embed\tomcat-embed-el\8.0.15\tomcat-embed-el-8.0.15.jar;C:\Users\Administrator\.m2\repository\org\apache\tomcat\embed\tomcat-embed-logging-juli\8.0.15\tomcat-embed-logging-juli-8.0.15.jar;C:\Users\Administrator\.m2\repository\org\apache\tomcat\embed\tomcat-embed-websocket\8.0.15\tomcat-embed-websocket-8.0.15.jar;C:\Users\Administrator\.m2\repository\com\fasterxml\jackson\core\jackson-databind\2.4.4\jackson-databind-2.4.4.jar;C:\Users\Administrator\.m2\repository\com\fasterxml\jackson\core\jackson-annotations\2.4.4\jackson-annotations-2.4.4.jar;C:\Users\Administrator\.m2\repository\com\fasterxml\jackson\core\jackson-core\2.4.4\jackson-core-2.4.4.jar;C:\Users\Administrator\.m2\repository\org\hibernate\hibernate-validator\5.1.3.Final\hibernate-validator-5.1.3.Final.jar;C:\Users\Administrator\.m2\repository\javax\validation\validation-api\1.1.0.Final\validation-api-1.1.0.Final.jar;C:\Users\Administrator\.m2\repository\org\jboss\logging\jboss-logging\3.1.3.GA\jboss-logging-3.1.3.GA.jar;C:\Users\Administrator\.m2\repository\com\fasterxml\classmate\1.0.0\classmate-1.0.0.jar;C:\Users\Administrator\.m2\repository\org\springframework\spring-core\4.1.3.RELEASE\spring-core-4.1.3.RELEASE.jar;C:\Users\Administrator\.m2\repository\org\springframework\spring-web\4.1.3.RELEASE\spring-web-4.1.3.RELEASE.jar;C:\Users\Administrator\.m2\repository\org\springframework\spring-aop\4.1.3.RELEASE\spring-aop-4.1.3.RELEASE.jar;C:\Users\Administrator\.m2\repository\aopalliance\aopalliance\1.0\aopalliance-1.0.jar;C:\Users\Administrator\.m2\repository\org\springframework\spring-webmvc\4.1.3.RELEASE\spring-webmvc-4.1.3.RELEASE.jar;C:\Users\Administrator\.m2\repository\org\springframework\boot\spring-boot-starter-aop\1.2.0.RELEASE\spring-boot-starter-aop-1.2.0.RELEASE.jar;C:\Users\Administrator\.m2\repository\org\aspectj\aspectjrt\1.8.4\aspectjrt-1.8.4.jar;C:\Users\Administrator\.m2\repository\org\aspectj\aspectjweaver\1.8.4\aspectjweaver-1.8.4.jar;C:\Users\Administrator\.m2\repository\org\springframework\boot\spring-boot-starter-jdbc\1.2.0.RELEASE\spring-boot-starter-jdbc-1.2.0.RELEASE.jar;C:\Users\Administrator\.m2\repository\org\springframework\spring-jdbc\4.1.3.RELEASE\spring-jdbc-4.1.3.RELEASE.jar;C:\Users\Administrator\.m2\repository\org\apache\tomcat\tomcat-jdbc\8.0.15\tomcat-jdbc-8.0.15.jar;C:\Users\Administrator\.m2\repository\org\apache\tomcat\tomcat-juli\8.0.15\tomcat-juli-8.0.15.jar;C:\Users\Administrator\.m2\repository\org\springframework\spring-tx\4.1.3.RELEASE\spring-tx-4.1.3.RELEASE.jar;C:\Users\Administrator\.m2\repository\org\hibernate\hibernate-entitymanager\4.3.7.Final\hibernate-entitymanager-4.3.7.Final.jar;C:\Users\Administrator\.m2\repository\org\jboss\logging\jboss-logging-annotations\1.2.0.Beta1\jboss-logging-annotations-1.2.0.Beta1.jar;C:\Users\Administrator\.m2\repository\org\hibernate\hibernate-core\4.3.7.Final\hibernate-core-4.3.7.Final.jar;C:\Users\Administrator\.m2\repository\antlr\antlr\2.7.7\antlr-2.7.7.jar;C:\Users\Administrator\.m2\repository\org\jboss\jandex\1.1.0.Final\jandex-1.1.0.Final.jar;C:\Users\Administrator\.m2\repository\dom4j\dom4j\1.6.1\dom4j-1.6.1.jar;C:\Users\Administrator\.m2\repository\xml-apis\xml-apis\1.0.b2\xml-apis-1.0.b2.jar;C:\Users\Administrator\.m2\repository\org\hibernate\common\hibernate-commons-annotations\4.0.5.Final\hibernate-commons-annotations-4.0.5.Final.jar;C:\Users\Administrator\.m2\repository\org\hibernate\javax\persistence\hibernate-jpa-2.1-api\1.0.0.Final\hibernate-jpa-2.1-api-1.0.0.Final.jar;C:\Users\Administrator\.m2\repository\org\jboss\spec\javax\transaction\jboss-transaction-api_1.2_spec\1.0.0.Final\jboss-transaction-api_1.2_spec-1.0.0.Final.jar;C:\Users\Administrator\.m2\repository\org\springframework\spring-orm\4.1.3.RELEASE\spring-orm-4.1.3.RELEASE.jar;C:\Users\Administrator\.m2\repository\org\springframework\data\spring-data-jpa\1.7.1.RELEASE\spring-data-jpa-1.7.1.RELEASE.jar;C:\Users\Administrator\.m2\repository\org\springframework\data\spring-data-commons\1.9.1.RELEASE\spring-data-commons-1.9.1.RELEASE.jar;C:\Users\Administrator\.m2\repository\org\springframework\spring-aspects\4.1.3.RELEASE\spring-aspects-4.1.3.RELEASE.jar;D:\workspace\tracebucket\101\crm-sample\target\classes
-aspectpath
C:\Users\Administrator\.m2\repository\org\springframework\spring-aspects\4.1.3.RELEASE\spring-aspects-4.1.3.RELEASE.jar
-d
D:\workspace\tracebucket\101\crm-sample\target\classes
D:\workspace\tracebucket\101\crm-sample\src\main\java\com\tracebucket\crm\comand\ChangeCustomerStatusCommand.java
D:\workspace\tracebucket\101\crm-sample\src\main\java\com\tracebucket\crm\config\JPAConfig.java
D:\workspace\tracebucket\101\crm-sample\src\main\java\com\tracebucket\crm\config\ServiceConfig.java
D:\workspace\tracebucket\101\crm-sample\src\main\java\com\tracebucket\crm\config\WebConfig.java
D:\workspace\tracebucket\101\crm-sample\src\main\java\com\tracebucket\crm\controller\CustomerController.java
D:\workspace\tracebucket\101\crm-sample\src\main\java\com\tracebucket\crm\CRMStarter.java
D:\workspace\tracebucket\101\crm-sample\src\main\java\com\tracebucket\crm\domain\Customer.java
D:\workspace\tracebucket\101\crm-sample\src\main\java\com\tracebucket\crm\repository\jpa\CustomerRepository.java
D:\workspace\tracebucket\101\crm-sample\src\main\java\com\tracebucket\crm\resource\CustomerResource.java
D:\workspace\tracebucket\101\crm-sample\src\main\java\com\tracebucket\crm\service\CustomerService.java
D:\workspace\tracebucket\101\crm-sample\src\main\java\com\tracebucket\crm\service\impl\CustomerServiceImpl.java
D:\workspace\tracebucket\101\crm-sample\src\main\java\com\tracebucket\infrastructure\cqrs\annotation\ApplicationService.java
D:\workspace\tracebucket\101\crm-sample\src\main\java\com\tracebucket\infrastructure\cqrs\support\Command.java
D:\workspace\tracebucket\101\crm-sample\src\main\java\com\tracebucket\infrastructure\ddd\annotation\AggregateRoot.java
D:\workspace\tracebucket\101\crm-sample\src\main\java\com\tracebucket\infrastructure\ddd\annotation\ValueObject.java
D:\workspace\tracebucket\101\crm-sample\src\main\java\com\tracebucket\infrastructure\ddd\domain\AggregateId.java
D:\workspace\tracebucket\101\crm-sample\src\main\java\com\tracebucket\infrastructure\ddd\domain\BaseAggregateRoot.java
D:\workspace\tracebucket\101\crm-sample\src\main\java\com\tracebucket\infrastructure\ddd\domain\BaseEntity.java
D:\workspace\tracebucket\101\crm-sample\src\main\java\com\tracebucket\infrastructure\ddd\exception\DomainOperationException.java
D:\workspace\tracebucket\101\crm-sample\src\main\java\com\tracebucket\infrastructure\ddd\repository\jpa\BaseJpaRepository.java
D:\workspace\tracebucket\101\crm-sample\src\main\java\com\tracebucket\infrastructure\ddd\repository\jpa\BaseJpaRepositoryFactoryBean.java
D:\workspace\tracebucket\101\crm-sample\src\main\java\com\tracebucket\infrastructure\ddd\repository\jpa\BaseJpaRepositoryImpl.java
D:\workspace\tracebucket\101\crm-sample\src\main\java\com\tracebucket\infrastructure\ddd\repository\jpa\DefaultPersistenceProvider.java
D:\workspace\tracebucket\101\crm-sample\src\main\java\com\tracebucket\infrastructure\event\domain\DomainEvent.java
